<?xml version="1.0" encoding="UTF-8"?>
<flow xmlns="http://www.springframework.org/schema/webflow"
	xmlns:xsi="http://www.w3.org/2001/XMLSchema-instance"
	xsi:schemaLocation="http://www.springframework.org/schema/webflow http://www.springframework.org/schema/webflow/spring-webflow-2.4.xsd">

	<view-state id="page1" view="/WEB-INF/views/common/flow/page1.jsp" >
		<transition on="gotoNextPage" to="page2" history="invalidate" />
	</view-state>
	
	<view-state id="page2" view="/WEB-INF/views/common/flow/page2.jsp" >
		<transition on="gotoNextPage" to="page3" />
	</view-state>
	
	<view-state id="page3" view="/WEB-INF/views/common/flow/page3.jsp" >
		<transition on="gotoNextPage" to="page4" history="invalidate" />
	</view-state>
	
	<view-state id="page4" view="/WEB-INF/views/common/flow/page4.jsp" >
		<transition on="gotoNextPage" to="page5" history="invalidate" />
	</view-state>
	
	<view-state id="page5" view="/WEB-INF/views/common/flow/page5.jsp" >
	</view-state>

	<end-state id="displayLoginSuccessView" view="externalRedirect:contextRelative:login.do" />
</flow>